<?xml version="1.0" encoding="UTF-8"?>
<testng-results skipped="0" failed="0" total="1" passed="1">
  <reporter-output>
  </reporter-output>
  <suite name="Suite" duration-ms="23866" started-at="2018-01-21T17:50:17Z" finished-at="2018-01-21T17:50:41Z">
    <groups>
    </groups>
    <test name="Test" duration-ms="23866" started-at="2018-01-21T17:50:17Z" finished-at="2018-01-21T17:50:41Z">
      <class name="test.ICICIMouseClick">
        <test-method status="PASS" signature="testprog()[pri:0, instance:test.ICICIMouseClick@34ce8af7]" name="testprog" duration-ms="23853" started-at="2018-01-21T09:50:17Z" finished-at="2018-01-21T09:50:41Z">
          <reporter-output>
          </reporter-output>
        </test-method> <!-- testprog -->
      </class> <!-- test.ICICIMouseClick -->
    </test> <!-- Test -->
  </suite> <!-- Suite -->
</testng-results>
